<?xml version="1.0" encoding="UTF-8"?>
<testsuite name="DollarTest" tests="1" skipped="0" failures="0" errors="0" timestamp="2021-07-05T16:13:11" hostname="MacBook-Air-di-Daniele.local" time="0.03">
  <properties/>
  <testcase name="testHandleReturnTrue()" classname="DollarTest" time="0.03"/>
  <system-out><![CDATA[]]></system-out>
  <system-err><![CDATA[]]></system-err>
</testsuite>
