<?xml version="1.0" encoding="UTF-8"?>
<testsuite name="DollarTest" tests="1" skipped="0" failures="0" errors="0" timestamp="2021-07-06T09:57:10" hostname="MacBook-Air-di-Daniele.local" time="0.028">
  <properties/>
  <testcase name="testHandleReturnTrue()" classname="DollarTest" time="0.028"/>
  <system-out><![CDATA[]]></system-out>
  <system-err><![CDATA[]]></system-err>
</testsuite>
